<?xml version="1.0" encoding="UTF-8"?>
<!-- Generated by org.testng.reporters.JUnitReportReporter -->
<testsuite hostname="Shlomi-Desktop" failures="0" tests="2" name="tests.MainRunner" time="88.198" errors="0" timestamp="2021-04-19T23:17:59 IDT" skipped="0">
  <testcase classname="tests.MainRunner" name="openSignInSection" time="34.930"/>
  <system-out/>
  <testcase classname="tests.MainRunner" name="searchAndCalculatePrice" time="53.268"/>
  <system-out/>
</testsuite> <!-- tests.MainRunner -->
